<?xml version="1.0" encoding="UTF-8"?>
<!-- Generated by org.testng.reporters.JUnitReportReporter -->
<testsuite hostname="LAPTOP-1826LOER" failures="0" tests="1" name="com.webshop.tests.GiftCardsPageTest" time="16.409" errors="0" timestamp="2024-11-16T08:02:36 IST" skipped="0">
  <testcase classname="com.webshop.tests.GiftCardsPageTest" name="testGiftCardsWithLogin" time="16.409"/>
</testsuite> <!-- com.webshop.tests.GiftCardsPageTest -->
