<?xml version="1.0" encoding="UTF-8"?>
<!-- Generated by org.testng.reporters.JUnitReportReporter -->
<testsuite hostname="LAPTOP-1826LOER" failures="0" tests="4" name="com.webshop.tests.LoginPageTest" time="40.355" errors="0" timestamp="2024-11-16T08:12:18 IST" skipped="0">
  <testcase classname="com.webshop.tests.LoginPageTest" name="testMultiLoginFunction" time="9.047"/>
  <testcase classname="com.webshop.tests.LoginPageTest" name="testMultiLoginFunction" time="11.266"/>
  <testcase classname="com.webshop.tests.LoginPageTest" name="testMultiLoginFunction" time="10.909"/>
  <testcase classname="com.webshop.tests.LoginPageTest" name="testMultiLoginFunction" time="9.133"/>
</testsuite> <!-- com.webshop.tests.LoginPageTest -->
